Build started 13/03/2017 15:31:55.
     1>Project "C:\Users\Matteo\Desktop\XVR_VRProject\DLL_Leap_MotionXVR\DLL_Leap_MotionXVR.vcxproj" on node 2 (build target(s)).
     1>InitializeBuildStatus:
         Creating "Debug\DLL_Leap_MotionXVR.unsuccessfulbuild" because "AlwaysCreate" was specified.
       ClCompile:
         C:\Program Files (x86)\Microsoft Visual Studio 10.0\VC\bin\CL.exe /c /ZI /nologo /W3 /WX- /Od /Oy- /D WIN32 /D _DEBUG /D _WINDOWS /D _USRDLL /D DLL_LEAP_MOTIONXVR_EXPORTS /D _WINDLL /Gm /EHsc /RTC1 /MDd /GS /fp:precise /Zc:wchar_t /Zc:forScope /Yc"StdAfx.h" /Fp"Debug\DLL_Leap_MotionXVR.pch" /Fo"Debug\\" /Fd"Debug\vc100.pdb" /Gd /TP /analyze- /errorReport:prompt stdafx.cpp
         stdafx.cpp
         C:\Program Files (x86)\Microsoft Visual Studio 10.0\VC\bin\CL.exe /c /ZI /nologo /W3 /WX- /Od /Oy- /D WIN32 /D _DEBUG /D _WINDOWS /D _USRDLL /D DLL_LEAP_MOTIONXVR_EXPORTS /D _WINDLL /Gm /EHsc /RTC1 /MDd /GS /fp:precise /Zc:wchar_t /Zc:forScope /Fo"Debug\\" /Fd"Debug\vc100.pdb" /Gd /TP /analyze- /errorReport:prompt dllmain.cpp
         dllmain.cpp
     1>c:\users\matteo\desktop\xvr_vrproject\dll_leap_motionxvr\glew\glsl.h(83): warning C4018: '<' : signed/unsigned mismatch
     1>c:\users\matteo\desktop\xvr_vrproject\dll_leap_motionxvr\glew\glsl.h(135): warning C4996: 'fopen': This function or variable may be unsafe. Consider using fopen_s instead. To disable deprecation, use _CRT_SECURE_NO_WARNINGS. See online help for details.
                 c:\program files (x86)\microsoft visual studio 10.0\vc\include\stdio.h(234) : see declaration of 'fopen'
         C:\Program Files (x86)\Microsoft Visual Studio 10.0\VC\bin\CL.exe /c /ZI /nologo /W3 /WX- /Od /Oy- /D WIN32 /D _DEBUG /D _WINDOWS /D _USRDLL /D DLL_LEAP_MOTIONXVR_EXPORTS /D _WINDLL /Gm /EHsc /RTC1 /MDd /GS /fp:precise /Zc:wchar_t /Zc:forScope /Yu"StdAfx.h" /Fp"Debug\DLL_Leap_MotionXVR.pch" /Fo"Debug\\" /Fd"Debug\vc100.pdb" /Gd /TP /analyze- /errorReport:prompt DLL_Leap_MotionXVR.cpp
         DLL_Leap_MotionXVR.cpp
       ManifestResourceCompile:
         C:\Program Files (x86)\Microsoft SDKs\Windows\v7.0A\bin\rc.exe /nologo /fo"Debug\DLL_Leap_MotionXVR.dll.embed.manifest.res" Debug\DLL_Leap_MotionXVR_manifest.rc 
       Link:
         C:\Program Files (x86)\Microsoft Visual Studio 10.0\VC\bin\link.exe /ERRORREPORT:PROMPT /OUT:"C:\Users\Matteo\Desktop\XVR_VRProject\DLL_Leap_MotionXVR\Debug\DLL_Leap_MotionXVR.dll" /INCREMENTAL /NOLOGO kernel32.lib user32.lib gdi32.lib winspool.lib comdlg32.lib advapi32.lib shell32.lib ole32.lib oleaut32.lib uuid.lib odbc32.lib odbccp32.lib /MANIFEST /ManifestFile:"Debug\DLL_Leap_MotionXVR.dll.intermediate.manifest" /MANIFESTUAC:"level='asInvoker' uiAccess='false'" /DEBUG /PDB:"C:\Users\Matteo\Desktop\XVR_VRProject\DLL_Leap_MotionXVR\Debug\DLL_Leap_MotionXVR.pdb" /SUBSYSTEM:WINDOWS /TLBID:1 /DYNAMICBASE /NXCOMPAT /IMPLIB:"C:\Users\Matteo\Desktop\XVR_VRProject\DLL_Leap_MotionXVR\Debug\DLL_Leap_MotionXVR.lib" /MACHINE:X86 /DLL Debug\DLL_Leap_MotionXVR.dll.embed.manifest.res
         Debug\dllmain.obj
         Debug\DLL_Leap_MotionXVR.obj
         Debug\stdafx.obj
         glew\glew32s.lib
            Creating library C:\Users\Matteo\Desktop\XVR_VRProject\DLL_Leap_MotionXVR\Debug\DLL_Leap_MotionXVR.lib and object C:\Users\Matteo\Desktop\XVR_VRProject\DLL_Leap_MotionXVR\Debug\DLL_Leap_MotionXVR.exp
       Manifest:
         Deleting file "Debug\DLL_Leap_MotionXVR.dll.embed.manifest".
         C:\Program Files (x86)\Microsoft SDKs\Windows\v7.0A\bin\mt.exe /nologo /verbose /out:"Debug\DLL_Leap_MotionXVR.dll.embed.manifest" /manifest Debug\DLL_Leap_MotionXVR.dll.intermediate.manifest
         C:\Program Files (x86)\Microsoft SDKs\Windows\v7.0A\bin\rc.exe /nologo /fo"Debug\DLL_Leap_MotionXVR.dll.embed.manifest.res" Debug\DLL_Leap_MotionXVR_manifest.rc 
       LinkEmbedManifest:
         C:\Program Files (x86)\Microsoft Visual Studio 10.0\VC\bin\link.exe /ERRORREPORT:PROMPT /OUT:"C:\Users\Matteo\Desktop\XVR_VRProject\DLL_Leap_MotionXVR\Debug\DLL_Leap_MotionXVR.dll" /INCREMENTAL /NOLOGO kernel32.lib user32.lib gdi32.lib winspool.lib comdlg32.lib advapi32.lib shell32.lib ole32.lib oleaut32.lib uuid.lib odbc32.lib odbccp32.lib /MANIFEST /ManifestFile:"Debug\DLL_Leap_MotionXVR.dll.intermediate.manifest" /MANIFESTUAC:"level='asInvoker' uiAccess='false'" /DEBUG /PDB:"C:\Users\Matteo\Desktop\XVR_VRProject\DLL_Leap_MotionXVR\Debug\DLL_Leap_MotionXVR.pdb" /SUBSYSTEM:WINDOWS /TLBID:1 /DYNAMICBASE /NXCOMPAT /IMPLIB:"C:\Users\Matteo\Desktop\XVR_VRProject\DLL_Leap_MotionXVR\Debug\DLL_Leap_MotionXVR.lib" /MACHINE:X86 /DLL Debug\DLL_Leap_MotionXVR.dll.embed.manifest.res
         Debug\dllmain.obj
         Debug\DLL_Leap_MotionXVR.obj
         Debug\stdafx.obj
         glew\glew32s.lib
         DLL_Leap_MotionXVR.vcxproj -> C:\Users\Matteo\Desktop\XVR_VRProject\DLL_Leap_MotionXVR\Debug\DLL_Leap_MotionXVR.dll
       FinalizeBuildStatus:
         Deleting file "Debug\DLL_Leap_MotionXVR.unsuccessfulbuild".
         Touching "Debug\DLL_Leap_MotionXVR.lastbuildstate".
     1>Done Building Project "C:\Users\Matteo\Desktop\XVR_VRProject\DLL_Leap_MotionXVR\DLL_Leap_MotionXVR.vcxproj" (build target(s)).

Build succeeded.

Time Elapsed 00:00:01.86
