C:\Users\Matteo\Desktop\XVR_VRProject\Leap_MotionC++\Debug\Leap_MotionC++.pdb
C:\Users\Matteo\Desktop\XVR_VRProject\Leap_MotionC++\Leap_MotionC++\Debug\cl.command.1.tlog
C:\Users\Matteo\Desktop\XVR_VRProject\Leap_MotionC++\Leap_MotionC++\Debug\CL.read.1.tlog
C:\Users\Matteo\Desktop\XVR_VRProject\Leap_MotionC++\Leap_MotionC++\Debug\CL.write.1.tlog
C:\Users\Matteo\Desktop\XVR_VRProject\Leap_MotionC++\Leap_MotionC++\Debug\Leap_MotionC++.exe.embed.manifest
C:\USERS\MATTEO\DESKTOP\XVR_VRPROJECT\LEAP_MOTIONC++\LEAP_MOTIONC++\DEBUG\LEAP_MOTIONC++.EXE.EMBED.MANIFEST.RES
C:\Users\Matteo\Desktop\XVR_VRProject\Leap_MotionC++\Leap_MotionC++\Debug\Leap_MotionC++.exe.intermediate.manifest
C:\USERS\MATTEO\DESKTOP\XVR_VRPROJECT\LEAP_MOTIONC++\LEAP_MOTIONC++\DEBUG\LEAP_MOTIONC++.OBJ
C:\USERS\MATTEO\DESKTOP\XVR_VRPROJECT\LEAP_MOTIONC++\LEAP_MOTIONC++\DEBUG\LEAP_MOTIONC++.PCH
C:\Users\Matteo\Desktop\XVR_VRProject\Leap_MotionC++\Leap_MotionC++\Debug\Leap_MotionC++.vcxprojResolveAssemblyReference.cache
C:\Users\Matteo\Desktop\XVR_VRProject\Leap_MotionC++\Leap_MotionC++\Debug\Leap_MotionC++.write.1.tlog
C:\Users\Matteo\Desktop\XVR_VRProject\Leap_MotionC++\Leap_MotionC++\Debug\Leap_MotionC++_manifest.rc
C:\Users\Matteo\Desktop\XVR_VRProject\Leap_MotionC++\Leap_MotionC++\Debug\link.command.1.tlog
C:\Users\Matteo\Desktop\XVR_VRProject\Leap_MotionC++\Leap_MotionC++\Debug\link.read.1.tlog
C:\Users\Matteo\Desktop\XVR_VRProject\Leap_MotionC++\Leap_MotionC++\Debug\link.write.1.tlog
C:\Users\Matteo\Desktop\XVR_VRProject\Leap_MotionC++\Leap_MotionC++\Debug\link-cvtres.read.1.tlog
C:\Users\Matteo\Desktop\XVR_VRProject\Leap_MotionC++\Leap_MotionC++\Debug\link-cvtres.write.1.tlog
C:\Users\Matteo\Desktop\XVR_VRProject\Leap_MotionC++\Leap_MotionC++\Debug\rc.command.1.tlog
C:\Users\Matteo\Desktop\XVR_VRProject\Leap_MotionC++\Leap_MotionC++\Debug\rc.read.1.tlog
C:\Users\Matteo\Desktop\XVR_VRProject\Leap_MotionC++\Leap_MotionC++\Debug\rc.write.1.tlog
C:\USERS\MATTEO\DESKTOP\XVR_VRPROJECT\LEAP_MOTIONC++\LEAP_MOTIONC++\DEBUG\STDAFX.OBJ
C:\Users\Matteo\Desktop\XVR_VRProject\Leap_MotionC++\Leap_MotionC++\Debug\vc100.idb
C:\USERS\MATTEO\DESKTOP\XVR_VRPROJECT\LEAP_MOTIONC++\LEAP_MOTIONC++\DEBUG\VC100.PDB
