Build started 4/28/17 11:37:31.
     1>Project "C:\Users\Tonno\Documents\VirtualReality\XVR_Project\client\player_antonio\Leap_MotionC++\Leap_MotionC++\Leap_MotionC++.vcxproj" on node 2 (build target(s)).
     1>InitializeBuildStatus:
         Touching "Debug\Leap_MotionC++.unsuccessfulbuild".
       ClCompile:
         All outputs are up-to-date.
         All outputs are up-to-date.
       ManifestResourceCompile:
         All outputs are up-to-date.
       Link:
         C:\Program Files (x86)\Microsoft Visual Studio 10.0\VC\bin\link.exe /ERRORREPORT:PROMPT /OUT:"C:\Users\Tonno\Documents\VirtualReality\XVR_Project\client\player_antonio\Leap_MotionC++\Debug\Leap_MotionC++.exe" /INCREMENTAL /NOLOGO Leap.lib kernel32.lib user32.lib gdi32.lib winspool.lib comdlg32.lib advapi32.lib shell32.lib ole32.lib oleaut32.lib uuid.lib odbc32.lib odbccp32.lib kernel32.lib user32.lib gdi32.lib winspool.lib comdlg32.lib advapi32.lib shell32.lib ole32.lib oleaut32.lib uuid.lib odbc32.lib odbccp32.lib /MANIFEST /ManifestFile:"Debug\Leap_MotionC++.exe.intermediate.manifest" /MANIFESTUAC:"level='asInvoker' uiAccess='false'" /DEBUG /PDB:"C:\Users\Tonno\Documents\VirtualReality\XVR_Project\client\player_antonio\Leap_MotionC++\Debug\Leap_MotionC++.pdb" /SUBSYSTEM:CONSOLE /TLBID:1 /DYNAMICBASE /NXCOMPAT /IMPLIB:"C:\Users\Tonno\Documents\VirtualReality\XVR_Project\client\player_antonio\Leap_MotionC++\Debug\Leap_MotionC++.lib" /MACHINE:X86 Debug\Leap_MotionC++.exe.embed.manifest.res
         Debug\Leap_MotionC++.obj
         Debug\stdafx.obj
         Leap.lib
       Manifest:
         C:\Program Files (x86)\Microsoft SDKs\Windows\v7.0A\bin\mt.exe /nologo /verbose /out:"Debug\Leap_MotionC++.exe.embed.manifest" /manifest Debug\Leap_MotionC++.exe.intermediate.manifest
         C:\Program Files (x86)\Microsoft SDKs\Windows\v7.0A\bin\rc.exe /nologo /fo"Debug\Leap_MotionC++.exe.embed.manifest.res" Debug\Leap_MotionC++_manifest.rc 
       LinkEmbedManifest:
         C:\Program Files (x86)\Microsoft Visual Studio 10.0\VC\bin\link.exe /ERRORREPORT:PROMPT /OUT:"C:\Users\Tonno\Documents\VirtualReality\XVR_Project\client\player_antonio\Leap_MotionC++\Debug\Leap_MotionC++.exe" /INCREMENTAL /NOLOGO Leap.lib kernel32.lib user32.lib gdi32.lib winspool.lib comdlg32.lib advapi32.lib shell32.lib ole32.lib oleaut32.lib uuid.lib odbc32.lib odbccp32.lib kernel32.lib user32.lib gdi32.lib winspool.lib comdlg32.lib advapi32.lib shell32.lib ole32.lib oleaut32.lib uuid.lib odbc32.lib odbccp32.lib /MANIFEST /ManifestFile:"Debug\Leap_MotionC++.exe.intermediate.manifest" /MANIFESTUAC:"level='asInvoker' uiAccess='false'" /DEBUG /PDB:"C:\Users\Tonno\Documents\VirtualReality\XVR_Project\client\player_antonio\Leap_MotionC++\Debug\Leap_MotionC++.pdb" /SUBSYSTEM:CONSOLE /TLBID:1 /DYNAMICBASE /NXCOMPAT /IMPLIB:"C:\Users\Tonno\Documents\VirtualReality\XVR_Project\client\player_antonio\Leap_MotionC++\Debug\Leap_MotionC++.lib" /MACHINE:X86 Debug\Leap_MotionC++.exe.embed.manifest.res
         Debug\Leap_MotionC++.obj
         Debug\stdafx.obj
         Leap.lib
         Leap_MotionC++.vcxproj -> C:\Users\Tonno\Documents\VirtualReality\XVR_Project\client\player_antonio\Leap_MotionC++\Debug\Leap_MotionC++.exe
       FinalizeBuildStatus:
         Deleting file "Debug\Leap_MotionC++.unsuccessfulbuild".
         Touching "Debug\Leap_MotionC++.lastbuildstate".
     1>Done Building Project "C:\Users\Tonno\Documents\VirtualReality\XVR_Project\client\player_antonio\Leap_MotionC++\Leap_MotionC++\Leap_MotionC++.vcxproj" (build target(s)).

Build succeeded.

Time Elapsed 00:00:01.23
