Build started 02/05/2017 15:19:02.
     1>Project "C:\Users\Matteo\Desktop\XVR_Project\player1\Leap_MotionC++\Leap_MotionC++\Leap_MotionC++.vcxproj" on node 2 (build target(s)).
     1>InitializeBuildStatus:
         Creating "Debug\Leap_MotionC++.unsuccessfulbuild" because "AlwaysCreate" was specified.
       ClCompile:
         C:\Program Files (x86)\Microsoft Visual Studio 10.0\VC\bin\CL.exe /c /ZI /nologo /W3 /WX- /Od /Oy- /D WIN32 /D _DEBUG /D _CONSOLE /Gm /EHsc /RTC1 /MDd /GS /fp:precise /Zc:wchar_t /Zc:forScope /Yc"StdAfx.h" /Fp"Debug\Leap_MotionC++.pch" /Fo"Debug\\" /Fd"Debug\vc100.pdb" /Gd /TP /analyze- /errorReport:prompt stdafx.cpp
         stdafx.cpp
         C:\Program Files (x86)\Microsoft Visual Studio 10.0\VC\bin\CL.exe /c /ZI /nologo /W3 /WX- /Od /Oy- /D WIN32 /D _DEBUG /D _CONSOLE /Gm /EHsc /RTC1 /MDd /GS /fp:precise /Zc:wchar_t /Zc:forScope /Yu"StdAfx.h" /Fp"Debug\Leap_MotionC++.pch" /Fo"Debug\\" /Fd"Debug\vc100.pdb" /Gd /TP /analyze- /errorReport:prompt Leap_MotionC++.cpp
         Leap_MotionC++.cpp
     1>c:\users\matteo\desktop\xvr_project\player1\leap_motionc++\leap_motionc++\leap_motionc++.cpp(80): warning C4244: '=' : conversion from 'int64_t' to 'double', possible loss of data
       ManifestResourceCompile:
         C:\Program Files (x86)\Microsoft SDKs\Windows\v7.0A\bin\rc.exe /nologo /fo"Debug\Leap_MotionC++.exe.embed.manifest.res" Debug\Leap_MotionC++_manifest.rc 
       Link:
         C:\Program Files (x86)\Microsoft Visual Studio 10.0\VC\bin\link.exe /ERRORREPORT:PROMPT /OUT:"C:\Users\Matteo\Desktop\XVR_Project\player1\Leap_MotionC++\Debug\Leap_MotionC++.exe" /INCREMENTAL /NOLOGO Leap.lib kernel32.lib user32.lib gdi32.lib winspool.lib comdlg32.lib advapi32.lib shell32.lib ole32.lib oleaut32.lib uuid.lib odbc32.lib odbccp32.lib kernel32.lib user32.lib gdi32.lib winspool.lib comdlg32.lib advapi32.lib shell32.lib ole32.lib oleaut32.lib uuid.lib odbc32.lib odbccp32.lib /MANIFEST /ManifestFile:"Debug\Leap_MotionC++.exe.intermediate.manifest" /MANIFESTUAC:"level='asInvoker' uiAccess='false'" /DEBUG /PDB:"C:\Users\Matteo\Desktop\XVR_Project\player1\Leap_MotionC++\Debug\Leap_MotionC++.pdb" /SUBSYSTEM:CONSOLE /TLBID:1 /DYNAMICBASE /NXCOMPAT /IMPLIB:"C:\Users\Matteo\Desktop\XVR_Project\player1\Leap_MotionC++\Debug\Leap_MotionC++.lib" /MACHINE:X86 Debug\Leap_MotionC++.exe.embed.manifest.res
         Debug\Leap_MotionC++.obj
         Debug\stdafx.obj
         Leap.lib
       Manifest:
         Deleting file "Debug\Leap_MotionC++.exe.embed.manifest".
         C:\Program Files (x86)\Microsoft SDKs\Windows\v7.0A\bin\mt.exe /nologo /verbose /out:"Debug\Leap_MotionC++.exe.embed.manifest" /manifest Debug\Leap_MotionC++.exe.intermediate.manifest
         C:\Program Files (x86)\Microsoft SDKs\Windows\v7.0A\bin\rc.exe /nologo /fo"Debug\Leap_MotionC++.exe.embed.manifest.res" Debug\Leap_MotionC++_manifest.rc 
       LinkEmbedManifest:
         C:\Program Files (x86)\Microsoft Visual Studio 10.0\VC\bin\link.exe /ERRORREPORT:PROMPT /OUT:"C:\Users\Matteo\Desktop\XVR_Project\player1\Leap_MotionC++\Debug\Leap_MotionC++.exe" /INCREMENTAL /NOLOGO Leap.lib kernel32.lib user32.lib gdi32.lib winspool.lib comdlg32.lib advapi32.lib shell32.lib ole32.lib oleaut32.lib uuid.lib odbc32.lib odbccp32.lib kernel32.lib user32.lib gdi32.lib winspool.lib comdlg32.lib advapi32.lib shell32.lib ole32.lib oleaut32.lib uuid.lib odbc32.lib odbccp32.lib /MANIFEST /ManifestFile:"Debug\Leap_MotionC++.exe.intermediate.manifest" /MANIFESTUAC:"level='asInvoker' uiAccess='false'" /DEBUG /PDB:"C:\Users\Matteo\Desktop\XVR_Project\player1\Leap_MotionC++\Debug\Leap_MotionC++.pdb" /SUBSYSTEM:CONSOLE /TLBID:1 /DYNAMICBASE /NXCOMPAT /IMPLIB:"C:\Users\Matteo\Desktop\XVR_Project\player1\Leap_MotionC++\Debug\Leap_MotionC++.lib" /MACHINE:X86 Debug\Leap_MotionC++.exe.embed.manifest.res
         Debug\Leap_MotionC++.obj
         Debug\stdafx.obj
         Leap.lib
         Leap_MotionC++.vcxproj -> C:\Users\Matteo\Desktop\XVR_Project\player1\Leap_MotionC++\Debug\Leap_MotionC++.exe
       FinalizeBuildStatus:
         Deleting file "Debug\Leap_MotionC++.unsuccessfulbuild".
         Touching "Debug\Leap_MotionC++.lastbuildstate".
     1>Done Building Project "C:\Users\Matteo\Desktop\XVR_Project\player1\Leap_MotionC++\Leap_MotionC++\Leap_MotionC++.vcxproj" (build target(s)).

Build succeeded.

Time Elapsed 00:00:03.31
